<?xml version="1.0" encoding="UTF-8"?>
<testng-results skipped="0" failed="0" total="1" passed="1">
  <reporter-output>
  </reporter-output>
  <suite name="Default suite" duration-ms="18198" started-at="2016-07-11T13:03:13Z" finished-at="2016-07-11T13:03:32Z">
    <groups>
    </groups>
    <test name="Default test" duration-ms="18198" started-at="2016-07-11T13:03:13Z" finished-at="2016-07-11T13:03:32Z">
      <class name="keywordtest.AllkeywordTests">
        <test-method status="PASS" signature="SetUp()[pri:0, instance:keywordtest.AllkeywordTests@3c756e4d]" name="SetUp" is-config="true" duration-ms="10030" started-at="2016-07-11T18:33:13Z" finished-at="2016-07-11T18:33:23Z">
          <reporter-output>
          </reporter-output>
        </test-method> <!-- SetUp -->
        <test-method status="PASS" signature="loginTest()[pri:0, instance:keywordtest.AllkeywordTests@3c756e4d]" name="loginTest" duration-ms="7190" started-at="2016-07-11T18:33:23Z" finished-at="2016-07-11T18:33:31Z">
          <reporter-output>
          </reporter-output>
        </test-method> <!-- loginTest -->
        <test-method status="PASS" signature="tearDown()[pri:0, instance:keywordtest.AllkeywordTests@3c756e4d]" name="tearDown" is-config="true" duration-ms="951" started-at="2016-07-11T18:33:31Z" finished-at="2016-07-11T18:33:32Z">
          <reporter-output>
          </reporter-output>
        </test-method> <!-- tearDown -->
      </class> <!-- keywordtest.AllkeywordTests -->
    </test> <!-- Default test -->
  </suite> <!-- Default suite -->
</testng-results>
